[2015-08-15 12:07:14] my_logger.INFO: My logger is now ready [] []
[2015-08-15 12:08:23] my_logger.INFO: Initialising new request for page [] []
[2015-08-15 12:08:24] my_logger.INFO: Initialising new request for page [] []
[2015-08-15 12:09:14] my_logger.INFO: Initialising new request for page [] []
[2015-08-15 12:09:14] my_logger.INFO: Initialising new request for page [] []
[2015-08-15 12:09:34] my_logger.INFO: Initialising new request for page [] []
[2015-08-15 12:09:34] my_logger.INFO: Routing accepted with  {"uri":"/postcoder(.*)","controller":"PostcoderController","tasks":"[object] (stdClass: {\"api\":\"find\"})","urivars":false,"controllerMethod":"init","controllerObjectReference":"PostcoderController","controllerObject":"[object] (PostcoderController: {\"variables\":{},\"settings\":{\"phpframe\":\"1.0\",\"settings\":{\"check_back_version\":\"http://phpframe.com/version\",\"role\":\"development\"},\"data\":{\"mysql\":{\"live\":{\"host\":\"127.0.0.1\",\"user\":\"vagrant\",\"pass\":\"vagrant\",\"port\":\"3304\"}}}},\"models\":{}})"} []
[2015-08-15 12:09:35] my_logger.INFO: Initialising new request for page [] []
[2015-08-15 12:09:35] my_logger.INFO: Routing accepted with  {"controller":"MyErrorController","controllerMethod":"init","controllerObjectReference":"MyErrorController","controllerObject":"[object] (MyErrorController: {\"variables\":{},\"settings\":{\"phpframe\":\"1.0\",\"settings\":{\"check_back_version\":\"http://phpframe.com/version\",\"role\":\"development\"},\"data\":{\"mysql\":{\"live\":{\"host\":\"127.0.0.1\",\"user\":\"vagrant\",\"pass\":\"vagrant\",\"port\":\"3304\"}}}},\"models\":{}})"} []
[2015-08-15 12:11:58] my_logger.INFO: Initialising new request for page [] []
[2015-08-15 12:11:59] my_logger.INFO: Initialising new request for page [] []
[2015-08-15 12:12:14] my_logger.INFO: Initialising new request for page [] []
[2015-08-15 12:12:14] my_logger.INFO: Initialising new request for page [] []
[2015-08-15 12:13:13] my_logger.INFO: Initialising new request for page [] []
[2015-08-15 12:13:13] my_logger.INFO: Routing controller: PostcoderController [] []
[2015-08-15 12:13:13] my_logger.INFO: Routing method: init [] []
[2015-08-15 12:13:14] my_logger.INFO: Initialising new request for page [] []
[2015-08-15 12:13:14] my_logger.INFO: Routing controller: MyErrorController [] []
[2015-08-15 12:13:14] my_logger.INFO: Routing method: init [] []
[2015-08-15 12:14:31] my_logger.INFO: Initialising new request for page [] []
[2015-08-15 12:14:31] my_logger.INFO: Routing controller: PostcoderController [] []
[2015-08-15 12:14:31] my_logger.INFO: Routing method: init [] []
[2015-08-15 12:14:32] my_logger.INFO: Initialising new request for page [] []
[2015-08-15 12:14:32] my_logger.INFO: Routing controller: MyErrorController [] []
[2015-08-15 12:14:32] my_logger.INFO: Routing method: init [] []
